2025-11-25 23:02:29.826 [background-preinit] INFO  o.h.validator.internal.util.Version - HV000001: Hibernate Validator 8.0.3.Final
2025-11-25 23:02:30.005 [main] INFO  c.w.b.a.BillManagementAndPaymentAssistant - Starting BillManagementAndPaymentAssistant using Java 21.0.6 with PID 43807 (/Users/durgeshrai/Workspace/gc-vertex-spring-ai/bill-management-and-assistant-service/build/classes/java/main started by durgeshrai in /Users/durgeshrai/Workspace/gc-vertex-spring-ai/bill-management-and-assistant-service)
2025-11-25 23:02:30.007 [main] INFO  c.w.b.a.BillManagementAndPaymentAssistant - The following 1 profile is active: "local"
2025-11-25 23:02:30.240 [main] INFO  o.s.b.d.c.l.DockerComposeLifecycleManager - Using Docker Compose file /Users/durgeshrai/Workspace/gc-vertex-spring-ai/bill-management-and-assistant-service/compose.yaml
2025-11-25 23:02:32.526 [main] INFO  o.s.b.d.c.l.DockerComposeLifecycleManager - There are already Docker Compose services running, skipping startup
2025-11-25 23:02:35.916 [main] INFO  o.s.d.r.c.RepositoryConfigurationDelegate - Bootstrapping Spring Data JPA repositories in DEFAULT mode.
2025-11-25 23:02:36.494 [main] INFO  o.s.d.r.c.RepositoryConfigurationDelegate - Finished Spring Data repository scanning in 545 ms. Found 3 JPA repository interfaces.
2025-11-25 23:02:37.875 [main] INFO  o.s.b.w.e.tomcat.TomcatWebServer - Tomcat initialized with port 8080 (http)
2025-11-25 23:02:37.908 [main] INFO  o.a.coyote.http11.Http11NioProtocol - Initializing ProtocolHandler ["http-nio-8080"]
2025-11-25 23:02:37.916 [main] INFO  o.a.catalina.core.StandardService - Starting service [Tomcat]
2025-11-25 23:02:37.917 [main] INFO  o.a.catalina.core.StandardEngine - Starting Servlet engine: [Apache Tomcat/10.1.48]
2025-11-25 23:02:38.101 [main] INFO  o.a.c.c.C.[.[.[/bill-payment-assistant] - Initializing Spring embedded WebApplicationContext
2025-11-25 23:02:38.104 [main] INFO  o.s.b.w.s.c.ServletWebServerApplicationContext - Root WebApplicationContext: initialization completed in 5292 ms
2025-11-25 23:02:38.581 [main] INFO  com.zaxxer.hikari.HikariDataSource - HikariPool-1 - Starting...
2025-11-25 23:02:39.010 [main] INFO  com.zaxxer.hikari.pool.HikariPool - HikariPool-1 - Added connection org.postgresql.jdbc.PgConnection@39afe59f
2025-11-25 23:02:39.014 [main] INFO  com.zaxxer.hikari.HikariDataSource - HikariPool-1 - Start completed.
2025-11-25 23:02:39.344 [main] INFO  o.h.jpa.internal.util.LogHelper - HHH000204: Processing PersistenceUnitInfo [name: default]
2025-11-25 23:02:39.555 [main] INFO  org.hibernate.Version - HHH000412: Hibernate ORM core version 6.6.33.Final
2025-11-25 23:02:39.708 [main] INFO  o.h.c.i.RegionFactoryInitiator - HHH000026: Second-level cache disabled
2025-11-25 23:02:40.723 [main] INFO  o.s.o.j.p.SpringPersistenceUnitInfo - No LoadTimeWeaver setup: ignoring JPA class transformer
2025-11-25 23:02:40.972 [main] INFO  o.hibernate.orm.connections.pooling - HHH10001005: Database info:
	Database JDBC URL [Connecting through datasource 'HikariDataSource (HikariPool-1)']
	Database driver: undefined/unknown
	Database version: 16.10
	Autocommit mode: undefined/unknown
	Isolation level: undefined/unknown
	Minimum pool size: undefined/unknown
	Maximum pool size: undefined/unknown
2025-11-25 23:02:43.293 [main] INFO  o.h.e.t.j.p.i.JtaPlatformInitiator - HHH000489: No JTA platform available (set 'hibernate.transaction.jta.platform' to enable JTA platform integration)
2025-11-25 23:02:43.300 [main] INFO  o.s.o.j.LocalContainerEntityManagerFactoryBean - Initialized JPA EntityManagerFactory for persistence unit 'default'
2025-11-25 23:02:45.420 [main] INFO  o.s.a.v.pgvector.PgVectorStore - Using the vector table name: vector_store. Is empty: false
2025-11-25 23:02:45.438 [main] INFO  o.s.a.v.pgvector.PgVectorStore - Initializing PGVectorStore schema for table: vector_store in schema: public
2025-11-25 23:02:45.438 [main] INFO  o.s.a.v.pgvector.PgVectorStore - vectorTableValidationsEnabled false
2025-11-25 23:02:45.978 [main] WARN  o.s.b.a.o.j.JpaBaseConfiguration$JpaWebConfiguration - spring.jpa.open-in-view is enabled by default. Therefore, database queries may be performed during view rendering. Explicitly configure spring.jpa.open-in-view to disable this warning
2025-11-25 23:02:47.274 [main] INFO  o.s.b.a.e.web.EndpointLinksResolver - Exposing 1 endpoint beneath base path '/actuator'
2025-11-25 23:02:47.423 [main] INFO  o.a.coyote.http11.Http11NioProtocol - Starting ProtocolHandler ["http-nio-8080"]
2025-11-25 23:02:47.464 [main] INFO  o.s.b.w.e.tomcat.TomcatWebServer - Tomcat started on port 8080 (http) with context path '/bill-payment-assistant'
2025-11-25 23:02:47.502 [main] INFO  c.w.b.a.BillManagementAndPaymentAssistant - Started BillManagementAndPaymentAssistant in 19.504 seconds (process running for 20.979)
2025-11-25 23:12:19.728 [SpringApplicationShutdownHook] INFO  o.s.b.w.e.tomcat.GracefulShutdown - Commencing graceful shutdown. Waiting for active requests to complete
2025-11-25 23:12:19.774 [tomcat-shutdown] INFO  o.s.b.w.e.tomcat.GracefulShutdown - Graceful shutdown complete
2025-11-25 23:12:25.383 [SpringApplicationShutdownHook] INFO  o.s.o.j.LocalContainerEntityManagerFactoryBean - Closing JPA EntityManagerFactory for persistence unit 'default'
2025-11-25 23:12:25.394 [SpringApplicationShutdownHook] INFO  com.zaxxer.hikari.HikariDataSource - HikariPool-1 - Shutdown initiated...
2025-11-25 23:12:25.430 [SpringApplicationShutdownHook] INFO  com.zaxxer.hikari.HikariDataSource - HikariPool-1 - Shutdown completed.
